app/build/intermediates/manifest_merge_blame_file/debug/manifest-merger-blame-debug-report.txt
1<?xml version="1.0" encoding="utf-8"?>
2<manifest xmlns:android="http://schemas.android.com/apk/res/android"
3    package="org.kernby.portraitcamera"
4    android:versionCode="1"
5    android:versionName="1.0" >
6
7    <uses-sdk android:minSdkVersion="19" />
7-->src/main/AndroidManifest.xml
8
9    <uses-permission android:name="android.permission.CAMERA" />
9-->src/main/AndroidManifest.xml:8:5-65
9-->src/main/AndroidManifest.xml:8:22-62
10
11    <uses-feature
11-->src/main/AndroidManifest.xml:10:5-12:35
12        android:name="android.hardware.camera"
12-->src/main/AndroidManifest.xml:11:9-47
13        android:required="true" />
13-->src/main/AndroidManifest.xml:12:9-32
14
15    <application
15-->src/main/AndroidManifest.xml:14:5-37:19
16        android:appComponentFactory="androidx.core.app.CoreComponentFactory"
16-->[androidx.core:core:1.0.0] AndroidManifest.xml:22:18-86
17        android:debuggable="true"
18        android:icon="@drawable/ic_launcher"
18-->src/main/AndroidManifest.xml:15:9-45
19        android:label="@string/app_name"
19-->src/main/AndroidManifest.xml:16:9-41
20        android:testOnly="true"
21        android:theme="@android:style/Theme.NoTitleBar.Fullscreen" >
21-->src/main/AndroidManifest.xml:17:9-67
22        <activity
22-->src/main/AndroidManifest.xml:18:9-27:20
23            android:name="org.kernby.portraitcamera.CameraActivity"
23-->src/main/AndroidManifest.xml:19:13-68
24            android:label="@string/app_name"
24-->src/main/AndroidManifest.xml:20:13-45
25            android:screenOrientation="portrait" >
25-->src/main/AndroidManifest.xml:21:13-49
26            <intent-filter>
26-->src/main/AndroidManifest.xml:22:13-26:29
27                <action android:name="android.intent.action.MAIN" />
27-->src/main/AndroidManifest.xml:23:17-69
27-->src/main/AndroidManifest.xml:23:25-66
28
29                <category android:name="android.intent.category.LAUNCHER" />
29-->src/main/AndroidManifest.xml:25:17-77
29-->src/main/AndroidManifest.xml:25:27-74
30            </intent-filter>
31        </activity>
32
33        <provider
34            android:name="org.kernby.portraitcamera.FileAccessProvoder"
34-->src/main/AndroidManifest.xml:29:13-47
35            android:authorities="org.kernby.portraitcamera.file.provider"
35-->src/main/AndroidManifest.xml:30:13-65
36            android:exported="false"
36-->src/main/AndroidManifest.xml:31:13-37
37            android:grantUriPermissions="true" >
37-->src/main/AndroidManifest.xml:32:13-47
38            <meta-data
38-->src/main/AndroidManifest.xml:33:13-35:58
39                android:name="android.support.FILE_PROVIDER_PATHS"
39-->src/main/AndroidManifest.xml:34:17-67
40                android:resource="@xml/provider_paths" />
40-->src/main/AndroidManifest.xml:35:17-55
41        </provider>
42    </application>
43
44</manifest>